

 LOG file opened at 06/05/25 01:11:19

Field Definitions for table EMPLOYEES_EXT
  Record format DELIMITED BY NEWLINE
  Data in file has same endianness as the platform
  Rows with all null fields are accepted

  Fields in Data Source: 

    EMPLOYEE_ID                     CHAR (255)
      Terminated by ","
      Enclosed by """ and """
      Trim whitespace same as SQL Loader
    FIRST_NAME                      CHAR (255)
      Terminated by ","
      Enclosed by """ and """
      Trim whitespace same as SQL Loader
    LAST_NAME                       CHAR (255)
      Terminated by ","
      Enclosed by """ and """
      Trim whitespace same as SQL Loader
    EMAIL                           CHAR (255)
      Terminated by ","
      Enclosed by """ and """
      Trim whitespace same as SQL Loader
    PHONE_NUMBER                    CHAR (255)
      Terminated by ","
      Enclosed by """ and """
      Trim whitespace same as SQL Loader
    HIRE_DATE                       CHAR (10)
      Date datatype DATE, date mask YYYY-MM-DD
      Terminated by ","
      Enclosed by """ and """
      Trim whitespace same as SQL Loader
    JOB_ID                          CHAR (255)
      Terminated by ","
      Enclosed by """ and """
      Trim whitespace same as SQL Loader
    SALARY                          CHAR (255)
      Terminated by ","
      Enclosed by """ and """
      Trim whitespace same as SQL Loader
    COMMISSION_PCT                  CHAR (255)
      Terminated by ","
      Enclosed by """ and """
      Trim whitespace same as SQL Loader
    MANAGER_ID                      CHAR (255)
      Terminated by ","
      Enclosed by """ and """
      Trim whitespace same as SQL Loader
    DEPARTMENT_ID                   CHAR (255)
      Terminated by ","
      Enclosed by """ and """
      Trim whitespace same as SQL Loader
    ADDRESS                         CHAR (255)
      Terminated by ","
      Enclosed by """ and """
      Trim whitespace same as SQL Loader
    CITY                            CHAR (255)
      Terminated by ","
      Enclosed by """ and """
      Trim whitespace same as SQL Loader
    STATE                           CHAR (255)
      Terminated by ","
      Enclosed by """ and """
      Trim whitespace same as SQL Loader
    POSTAL_CODE                     CHAR (255)
      Terminated by ","
      Enclosed by """ and """
      Trim whitespace same as SQL Loader
    COUNTRY                         CHAR (255)
      Terminated by ","
      Enclosed by """ and """
      Trim whitespace same as SQL Loader
    BIRTH_DATE                      CHAR (10)
      Date datatype DATE, date mask YYYY-MM-DD
      Terminated by ","
      Enclosed by """ and """
      Trim whitespace same as SQL Loader
    GENDER                          CHAR (255)
      Terminated by ","
      Enclosed by """ and """
      Trim whitespace same as SQL Loader
    MARITAL_STATUS                  CHAR (25)
      Terminated by ","
      Enclosed by """ and """
      Trim whitespace same as SQL Loader

Date Cache Statistics for table EMPLOYEES_EXT
  Max Size:      1000
  Entries :         4
  Hits    :         0
  Misses  :         0



 LOG file opened at 06/05/25 01:12:56

Field Definitions for table EMPLOYEES_EXT
  Record format DELIMITED BY NEWLINE
  Data in file has same endianness as the platform
  Rows with all null fields are accepted

  Fields in Data Source: 

    EMPLOYEE_ID                     CHAR (255)
      Terminated by ","
      Enclosed by """ and """
      Trim whitespace same as SQL Loader
    FIRST_NAME                      CHAR (255)
      Terminated by ","
      Enclosed by """ and """
      Trim whitespace same as SQL Loader
    LAST_NAME                       CHAR (255)
      Terminated by ","
      Enclosed by """ and """
      Trim whitespace same as SQL Loader
    EMAIL                           CHAR (255)
      Terminated by ","
      Enclosed by """ and """
      Trim whitespace same as SQL Loader
    PHONE_NUMBER                    CHAR (255)
      Terminated by ","
      Enclosed by """ and """
      Trim whitespace same as SQL Loader
    HIRE_DATE                       CHAR (10)
      Date datatype DATE, date mask YYYY-MM-DD
      Terminated by ","
      Enclosed by """ and """
      Trim whitespace same as SQL Loader
    JOB_ID                          CHAR (255)
      Terminated by ","
      Enclosed by """ and """
      Trim whitespace same as SQL Loader
    SALARY                          CHAR (255)
      Terminated by ","
      Enclosed by """ and """
      Trim whitespace same as SQL Loader
    COMMISSION_PCT                  CHAR (255)
      Terminated by ","
      Enclosed by """ and """
      Trim whitespace same as SQL Loader
    MANAGER_ID                      CHAR (255)
      Terminated by ","
      Enclosed by """ and """
      Trim whitespace same as SQL Loader
    DEPARTMENT_ID                   CHAR (255)
      Terminated by ","
      Enclosed by """ and """
      Trim whitespace same as SQL Loader
    ADDRESS                         CHAR (255)
      Terminated by ","
      Enclosed by """ and """
      Trim whitespace same as SQL Loader
    CITY                            CHAR (255)
      Terminated by ","
      Enclosed by """ and """
      Trim whitespace same as SQL Loader
    STATE                           CHAR (255)
      Terminated by ","
      Enclosed by """ and """
      Trim whitespace same as SQL Loader
    POSTAL_CODE                     CHAR (255)
      Terminated by ","
      Enclosed by """ and """
      Trim whitespace same as SQL Loader
    COUNTRY                         CHAR (255)
      Terminated by ","
      Enclosed by """ and """
      Trim whitespace same as SQL Loader
    BIRTH_DATE                      CHAR (10)
      Date datatype DATE, date mask YYYY-MM-DD
      Terminated by ","
      Enclosed by """ and """
      Trim whitespace same as SQL Loader
    GENDER                          CHAR (255)
      Terminated by ","
      Enclosed by """ and """
      Trim whitespace same as SQL Loader
    MARITAL_STATUS                  CHAR (25)
      Terminated by ","
      Enclosed by """ and """
      Trim whitespace same as SQL Loader

Date Cache Statistics for table EMPLOYEES_EXT
  Max Size:      1000
  Entries :         4
  Hits    :         0
  Misses  :         0



 LOG file opened at 06/05/25 01:35:35

Field Definitions for table EMPLOYEES_EXT
  Record format DELIMITED BY NEWLINE
  Data in file has same endianness as the platform
  Rows with all null fields are accepted

  Fields in Data Source: 

    EMPLOYEE_ID                     CHAR (255)
      Terminated by ","
      Enclosed by """ and """
      Trim whitespace same as SQL Loader
    FIRST_NAME                      CHAR (255)
      Terminated by ","
      Enclosed by """ and """
      Trim whitespace same as SQL Loader
    LAST_NAME                       CHAR (255)
      Terminated by ","
      Enclosed by """ and """
      Trim whitespace same as SQL Loader
    EMAIL                           CHAR (255)
      Terminated by ","
      Enclosed by """ and """
      Trim whitespace same as SQL Loader
    PHONE_NUMBER                    CHAR (255)
      Terminated by ","
      Enclosed by """ and """
      Trim whitespace same as SQL Loader
    HIRE_DATE                       CHAR (10)
      Date datatype DATE, date mask YYYY-MM-DD
      Terminated by ","
      Enclosed by """ and """
      Trim whitespace same as SQL Loader
    JOB_ID                          CHAR (255)
      Terminated by ","
      Enclosed by """ and """
      Trim whitespace same as SQL Loader
    SALARY                          CHAR (255)
      Terminated by ","
      Enclosed by """ and """
      Trim whitespace same as SQL Loader
    COMMISSION_PCT                  CHAR (255)
      Terminated by ","
      Enclosed by """ and """
      Trim whitespace same as SQL Loader
    MANAGER_ID                      CHAR (255)
      Terminated by ","
      Enclosed by """ and """
      Trim whitespace same as SQL Loader
    DEPARTMENT_ID                   CHAR (255)
      Terminated by ","
      Enclosed by """ and """
      Trim whitespace same as SQL Loader
    ADDRESS                         CHAR (255)
      Terminated by ","
      Enclosed by """ and """
      Trim whitespace same as SQL Loader
    CITY                            CHAR (255)
      Terminated by ","
      Enclosed by """ and """
      Trim whitespace same as SQL Loader
    STATE                           CHAR (255)
      Terminated by ","
      Enclosed by """ and """
      Trim whitespace same as SQL Loader
    POSTAL_CODE                     CHAR (255)
      Terminated by ","
      Enclosed by """ and """
      Trim whitespace same as SQL Loader
    COUNTRY                         CHAR (255)
      Terminated by ","
      Enclosed by """ and """
      Trim whitespace same as SQL Loader
    BIRTH_DATE                      CHAR (10)
      Date datatype DATE, date mask YYYY-MM-DD
      Terminated by ","
      Enclosed by """ and """
      Trim whitespace same as SQL Loader
    GENDER                          CHAR (255)
      Terminated by ","
      Enclosed by """ and """
      Trim whitespace same as SQL Loader
    MARITAL_STATUS                  CHAR (25)
      Terminated by ","
      Enclosed by """ and """
      Trim whitespace same as SQL Loader

Date Cache Statistics for table EMPLOYEES_EXT
  Max Size:      1000
  Entries :         4
  Hits    :         0
  Misses  :         0



 LOG file opened at 06/05/25 01:38:26

Field Definitions for table EMPLOYEES_EXT
  Record format DELIMITED BY NEWLINE
  Data in file has same endianness as the platform
  Rows with all null fields are accepted

  Fields in Data Source: 

    EMPLOYEE_ID                     CHAR (255)
      Terminated by ","
      Enclosed by """ and """
      Trim whitespace same as SQL Loader
    FIRST_NAME                      CHAR (255)
      Terminated by ","
      Enclosed by """ and """
      Trim whitespace same as SQL Loader
    LAST_NAME                       CHAR (255)
      Terminated by ","
      Enclosed by """ and """
      Trim whitespace same as SQL Loader
    EMAIL                           CHAR (255)
      Terminated by ","
      Enclosed by """ and """
      Trim whitespace same as SQL Loader
    PHONE_NUMBER                    CHAR (255)
      Terminated by ","
      Enclosed by """ and """
      Trim whitespace same as SQL Loader
    HIRE_DATE                       CHAR (10)
      Date datatype DATE, date mask YYYY-MM-DD
      Terminated by ","
      Enclosed by """ and """
      Trim whitespace same as SQL Loader
    JOB_ID                          CHAR (255)
      Terminated by ","
      Enclosed by """ and """
      Trim whitespace same as SQL Loader
    SALARY                          CHAR (255)
      Terminated by ","
      Enclosed by """ and """
      Trim whitespace same as SQL Loader
    COMMISSION_PCT                  CHAR (255)
      Terminated by ","
      Enclosed by """ and """
      Trim whitespace same as SQL Loader
    MANAGER_ID                      CHAR (255)
      Terminated by ","
      Enclosed by """ and """
      Trim whitespace same as SQL Loader
    DEPARTMENT_ID                   CHAR (255)
      Terminated by ","
      Enclosed by """ and """
      Trim whitespace same as SQL Loader
    ADDRESS                         CHAR (255)
      Terminated by ","
      Enclosed by """ and """
      Trim whitespace same as SQL Loader
    CITY                            CHAR (255)
      Terminated by ","
      Enclosed by """ and """
      Trim whitespace same as SQL Loader
    STATE                           CHAR (255)
      Terminated by ","
      Enclosed by """ and """
      Trim whitespace same as SQL Loader
    POSTAL_CODE                     CHAR (255)
      Terminated by ","
      Enclosed by """ and """
      Trim whitespace same as SQL Loader
    COUNTRY                         CHAR (255)
      Terminated by ","
      Enclosed by """ and """
      Trim whitespace same as SQL Loader
    BIRTH_DATE                      CHAR (10)
      Date datatype DATE, date mask YYYY-MM-DD
      Terminated by ","
      Enclosed by """ and """
      Trim whitespace same as SQL Loader
    GENDER                          CHAR (255)
      Terminated by ","
      Enclosed by """ and """
      Trim whitespace same as SQL Loader
    MARITAL_STATUS                  CHAR (25)
      Terminated by ","
      Enclosed by """ and """
      Trim whitespace same as SQL Loader

Date Cache Statistics for table EMPLOYEES_EXT
  Max Size:      1000
  Entries :         4
  Hits    :         0
  Misses  :         0



 LOG file opened at 06/05/25 01:38:43

Field Definitions for table EMPLOYEES_EXT
  Record format DELIMITED BY NEWLINE
  Data in file has same endianness as the platform
  Rows with all null fields are accepted

  Fields in Data Source: 

    EMPLOYEE_ID                     CHAR (255)
      Terminated by ","
      Enclosed by """ and """
      Trim whitespace same as SQL Loader
    FIRST_NAME                      CHAR (255)
      Terminated by ","
      Enclosed by """ and """
      Trim whitespace same as SQL Loader
    LAST_NAME                       CHAR (255)
      Terminated by ","
      Enclosed by """ and """
      Trim whitespace same as SQL Loader
    EMAIL                           CHAR (255)
      Terminated by ","
      Enclosed by """ and """
      Trim whitespace same as SQL Loader
    PHONE_NUMBER                    CHAR (255)
      Terminated by ","
      Enclosed by """ and """
      Trim whitespace same as SQL Loader
    HIRE_DATE                       CHAR (10)
      Date datatype DATE, date mask YYYY-MM-DD
      Terminated by ","
      Enclosed by """ and """
      Trim whitespace same as SQL Loader
    JOB_ID                          CHAR (255)
      Terminated by ","
      Enclosed by """ and """
      Trim whitespace same as SQL Loader
    SALARY                          CHAR (255)
      Terminated by ","
      Enclosed by """ and """
      Trim whitespace same as SQL Loader
    COMMISSION_PCT                  CHAR (255)
      Terminated by ","
      Enclosed by """ and """
      Trim whitespace same as SQL Loader
    MANAGER_ID                      CHAR (255)
      Terminated by ","
      Enclosed by """ and """
      Trim whitespace same as SQL Loader
    DEPARTMENT_ID                   CHAR (255)
      Terminated by ","
      Enclosed by """ and """
      Trim whitespace same as SQL Loader
    ADDRESS                         CHAR (255)
      Terminated by ","
      Enclosed by """ and """
      Trim whitespace same as SQL Loader
    CITY                            CHAR (255)
      Terminated by ","
      Enclosed by """ and """
      Trim whitespace same as SQL Loader
    STATE                           CHAR (255)
      Terminated by ","
      Enclosed by """ and """
      Trim whitespace same as SQL Loader
    POSTAL_CODE                     CHAR (255)
      Terminated by ","
      Enclosed by """ and """
      Trim whitespace same as SQL Loader
    COUNTRY                         CHAR (255)
      Terminated by ","
      Enclosed by """ and """
      Trim whitespace same as SQL Loader
    BIRTH_DATE                      CHAR (10)
      Date datatype DATE, date mask YYYY-MM-DD
      Terminated by ","
      Enclosed by """ and """
      Trim whitespace same as SQL Loader
    GENDER                          CHAR (255)
      Terminated by ","
      Enclosed by """ and """
      Trim whitespace same as SQL Loader
    MARITAL_STATUS                  CHAR (25)
      Terminated by ","
      Enclosed by """ and """
      Trim whitespace same as SQL Loader

Date Cache Statistics for table EMPLOYEES_EXT
  Max Size:      1000
  Entries :         4
  Hits    :         0
  Misses  :         0

